c:\users\dell\desktop\data\database\minisql6_16_20_43\minisql\minisql\release\minisql.pch
c:\users\dell\desktop\data\database\minisql6_16_20_43\minisql\minisql\release\vc141.pdb
c:\users\dell\desktop\data\database\minisql6_16_20_43\minisql\minisql\release\stdafx.obj
c:\users\dell\desktop\data\database\minisql6_16_20_43\minisql\minisql\release\structures.obj
c:\users\dell\desktop\data\database\minisql6_16_20_43\minisql\minisql\release\sql.obj
c:\users\dell\desktop\data\database\minisql6_16_20_43\minisql\minisql\release\recordmanager.obj
c:\users\dell\desktop\data\database\minisql6_16_20_43\minisql\minisql\release\minisql.obj
c:\users\dell\desktop\data\database\minisql6_16_20_43\minisql\minisql\release\interpreter.obj
c:\users\dell\desktop\data\database\minisql6_16_20_43\minisql\minisql\release\indexmanager.obj
c:\users\dell\desktop\data\database\minisql6_16_20_43\minisql\minisql\release\catalogmanager.obj
c:\users\dell\desktop\data\database\minisql6_16_20_43\minisql\minisql\release\buffermanager.obj
c:\users\dell\desktop\data\database\minisql6_16_20_43\minisql\minisql\release\api.obj
c:\users\dell\desktop\data\database\minisql6_16_20_43\minisql\release\minisql.exe
c:\users\dell\desktop\data\database\minisql6_16_20_43\minisql\release\minisql.pdb
c:\users\dell\desktop\data\database\minisql6_16_20_43\minisql\release\minisql.ipdb
c:\users\dell\desktop\data\database\minisql6_16_20_43\minisql\release\minisql.iobj
c:\users\dell\desktop\data\database\minisql6_16_20_43\minisql\minisql\release\minisql.tlog\cl.command.1.tlog
c:\users\dell\desktop\data\database\minisql6_16_20_43\minisql\minisql\release\minisql.tlog\cl.read.1.tlog
c:\users\dell\desktop\data\database\minisql6_16_20_43\minisql\minisql\release\minisql.tlog\cl.write.1.tlog
c:\users\dell\desktop\data\database\minisql6_16_20_43\minisql\minisql\release\minisql.tlog\link.command.1.tlog
c:\users\dell\desktop\data\database\minisql6_16_20_43\minisql\minisql\release\minisql.tlog\link.read.1.tlog
c:\users\dell\desktop\data\database\minisql6_16_20_43\minisql\minisql\release\minisql.tlog\link.write.1.tlog
c:\users\dell\desktop\data\database\minisql6_16_20_43\minisql\minisql\release\minisql.tlog\minisql.write.1u.tlog
